0 info it worked if it ends with ok
1 verbose cli [ '/Users/ling/.nvm/versions/node/v5.0.0/bin/node',
1 verbose cli   '/Users/ling/.nvm/versions/node/v5.0.0/bin/npm',
1 verbose cli   'run',
1 verbose cli   'build' ]
2 info using npm@3.3.6
3 info using node@v5.0.0
4 verbose run-script [ 'prebuild', 'build', 'postbuild' ]
5 info lifecycle TheMovieApp@1.0.0~prebuild: TheMovieApp@1.0.0
6 silly lifecycle TheMovieApp@1.0.0~prebuild: no script for prebuild, continuing
7 info lifecycle TheMovieApp@1.0.0~build: TheMovieApp@1.0.0
8 verbose lifecycle TheMovieApp@1.0.0~build: unsafe-perm in lifecycle true
9 verbose lifecycle TheMovieApp@1.0.0~build: PATH: /Users/ling/.nvm/versions/node/v5.0.0/lib/node_modules/npm/bin/node-gyp-bin:/Users/ling/greenfieldProject/FoodBuddy/node_modules/.bin:/Users/ling/.nvm/versions/node/v5.0.0/lib/node_modules/npm/bin/node-gyp-bin:/Users/ling/greenfieldProject/FoodBuddy/node_modules/.bin:/Users/ling/.nvm/versions/node/v5.0.0/bin:/Users/ling/.npm-global/bin:/Users/ling/.rvm/gems/ruby-2.2.1/bin:/Users/ling/.rvm/gems/ruby-2.2.1@global/bin:/Users/ling/.rvm/rubies/ruby-2.2.1/bin:/usr/local/bin:/usr/bin:/bin:/usr/sbin:/sbin:/Users/ling/.rvm/bin:/Users/ling/bin::/Development/android-sdk/platform-tools:/Development/android-sdk/tools
10 verbose lifecycle TheMovieApp@1.0.0~build: CWD: /Users/ling/greenfieldProject/FoodBuddy
11 silly lifecycle TheMovieApp@1.0.0~build: Args: [ '-c',
11 silly lifecycle   'babel public --out-dir compiled/public --presets=es2015,react --source-maps inline' ]
12 silly lifecycle TheMovieApp@1.0.0~build: Returned: code: 1  signal: null
13 info lifecycle TheMovieApp@1.0.0~build: Failed to exec build script
14 verbose stack Error: TheMovieApp@1.0.0 build: `babel public --out-dir compiled/public --presets=es2015,react --source-maps inline`
14 verbose stack Exit status 1
14 verbose stack     at EventEmitter.<anonymous> (/Users/ling/.nvm/versions/node/v5.0.0/lib/node_modules/npm/lib/utils/lifecycle.js:233:16)
14 verbose stack     at emitTwo (events.js:87:13)
14 verbose stack     at EventEmitter.emit (events.js:172:7)
14 verbose stack     at ChildProcess.<anonymous> (/Users/ling/.nvm/versions/node/v5.0.0/lib/node_modules/npm/lib/utils/spawn.js:24:14)
14 verbose stack     at emitTwo (events.js:87:13)
14 verbose stack     at ChildProcess.emit (events.js:172:7)
14 verbose stack     at maybeClose (internal/child_process.js:818:16)
14 verbose stack     at Process.ChildProcess._handle.onexit (internal/child_process.js:211:5)
15 verbose pkgid TheMovieApp@1.0.0
16 verbose cwd /Users/ling/greenfieldProject/FoodBuddy
17 error Darwin 15.6.0
18 error argv "/Users/ling/.nvm/versions/node/v5.0.0/bin/node" "/Users/ling/.nvm/versions/node/v5.0.0/bin/npm" "run" "build"
19 error node v5.0.0
20 error npm  v3.3.6
21 error code ELIFECYCLE
22 error TheMovieApp@1.0.0 build: `babel public --out-dir compiled/public --presets=es2015,react --source-maps inline`
22 error Exit status 1
23 error Failed at the TheMovieApp@1.0.0 build script 'babel public --out-dir compiled/public --presets=es2015,react --source-maps inline'.
23 error This is most likely a problem with the TheMovieApp package,
23 error not with npm itself.
23 error Tell the author that this fails on your system:
23 error     babel public --out-dir compiled/public --presets=es2015,react --source-maps inline
23 error You can get their info via:
23 error     npm owner ls TheMovieApp
23 error There is likely additional logging output above.
24 verbose exit [ 1, true ]
